{"uuid":"90051f50-b207-4f82-8552-18969724b042","historyId":"b974b883b0d8585c37c5ee8a979cd691","fullName":"src/test/resources/features/getAllUsers.feature:12","labels":[{"name":"tag","value":"functional"},{"name":"host","value":"DheenatalansAir.fios-router.home"},{"name":"thread","value":"20157@DheenatalansAir.fios-router.home.main(1)"},{"name":"feature","value":"Verfiy Get ALL users scenarios"},{"name":"story","value":"Verify user list with GET ALL requests"},{"name":"suite","value":"Verfiy Get ALL users scenarios"},{"name":"testClass","value":"Verify user list with GET ALL requests"},{"name":"framework","value":"cucumber4jvm"},{"name":"language","value":"java"},{"name":"gherkin_uri","value":"file:///Users/mathumathibalakrishnan/eclipse/Mathumathi_2024/restassured_bdd/src/test/resources/features/getAllUsers.feature"},{"name":"package","value":"src.test.resources.features.getAllUsers_feature.Verfiy Get ALL users scenarios"}],"links":[],"name":"Verify user list with GET ALL requests","status":"failed","statusDetails":{"known":false,"muted":false,"flaky":false,"message":"The following asserts failed:\n\tExpected status code did not match expected [200] but found [401],\n\tExpected status line did not match expected [true] but found [false]","trace":"java.lang.AssertionError: The following asserts failed:\n\tExpected status code did not match expected [200] but found [401],\n\tExpected status line did not match expected [true] but found [false]\n\tat org.testng.asserts.SoftAssert.assertAll(SoftAssert.java:46)\n\tat org.testng.asserts.SoftAssert.assertAll(SoftAssert.java:30)\n\tat stepdefinition.getalltest.validate_and_other_data_validations(getalltest.java:87)\n\tat ✽.Validate \"200\" , \"HTTP/1.1 200\" and other data validations(file:///Users/mathumathibalakrishnan/eclipse/Mathumathi_2024/restassured_bdd/src/test/resources/features/getAllUsers.feature:8)\n"},"stage":"finished","steps":[{"name":"Given  Base URL is set","status":"passed","statusDetails":{"known":false,"muted":false,"flaky":false},"stage":"finished","steps":[],"attachments":[],"parameters":[],"start":1727452817202,"stop":1727452818147},{"name":"When  I send a \"GET\" request to the \"/users\" with \"Basic\"","status":"passed","statusDetails":{"known":false,"muted":false,"flaky":false},"stage":"finished","steps":[],"attachments":[],"parameters":[],"start":1727452818149,"stop":1727452819747},{"name":"Then  Validate \"200\" , \"HTTP/1.1 200\" and other data validations","status":"failed","statusDetails":{"known":false,"muted":false,"flaky":false,"message":"The following asserts failed:\n\tExpected status code did not match expected [200] but found [401],\n\tExpected status line did not match expected [true] but found [false]","trace":"java.lang.AssertionError: The following asserts failed:\n\tExpected status code did not match expected [200] but found [401],\n\tExpected status line did not match expected [true] but found [false]\n\tat org.testng.asserts.SoftAssert.assertAll(SoftAssert.java:46)\n\tat org.testng.asserts.SoftAssert.assertAll(SoftAssert.java:30)\n\tat stepdefinition.getalltest.validate_and_other_data_validations(getalltest.java:87)\n\tat ✽.Validate \"200\" , \"HTTP/1.1 200\" and other data validations(file:///Users/mathumathibalakrishnan/eclipse/Mathumathi_2024/restassured_bdd/src/test/resources/features/getAllUsers.feature:8)\n"},"stage":"finished","steps":[],"attachments":[],"parameters":[],"start":1727452819749,"stop":1727452819783}],"attachments":[],"parameters":[{"name":"method","value":"GET"},{"name":"endpoint","value":"/users"},{"name":"auth","value":"Basic"},{"name":"status_code","value":"200"},{"name":"status_line","value":"HTTP/1.1 200"}],"start":1727452817188,"stop":1727452819791}